Unity Editor version:    2021.3.8f1 (b30333d56e81)
Branch:                  2021.3/staging
Build type:              Release
Batch mode:              YES
macOS version:           Version 12.4 (Build 21F79)
Darwin version:          21.5.0
Architecture:            x86_64
Running under Rosetta:   YES
Available memory:        16384 MB
Using pre-set license
Pro License: YES

COMMAND LINE ARGUMENTS:
/Applications/Unity/Hub/Editor/2021.3.8f1/Unity.app/Contents/MacOS/Unity
-adb2
-batchMode
-noUpm
-name
AssetImportWorker0
-projectPath
/Users/jeonseonghyeon/Documents/GitHub/Korean War Military Map
-logFile
Logs/AssetImportWorker0.log
-srvPort
53758
Successfully changed project path to: /Users/jeonseonghyeon/Documents/GitHub/Korean War Military Map
/Users/jeonseonghyeon/Documents/GitHub/Korean War Military Map
[UnityMemory] Configuration Parameters - Can be set up in boot.config
    "memorysetup-bucket-allocator-granularity=16"
    "memorysetup-bucket-allocator-bucket-count=8"
    "memorysetup-bucket-allocator-block-size=33554432"
    "memorysetup-bucket-allocator-block-count=8"
    "memorysetup-main-allocator-block-size=16777216"
    "memorysetup-thread-allocator-block-size=16777216"
    "memorysetup-gfx-main-allocator-block-size=16777216"
    "memorysetup-gfx-thread-allocator-block-size=16777216"
    "memorysetup-cache-allocator-block-size=4194304"
    "memorysetup-typetree-allocator-block-size=2097152"
    "memorysetup-profiler-bucket-allocator-granularity=16"
    "memorysetup-profiler-bucket-allocator-bucket-count=8"
    "memorysetup-profiler-bucket-allocator-block-size=33554432"
    "memorysetup-profiler-bucket-allocator-block-count=8"
    "memorysetup-profiler-allocator-block-size=16777216"
    "memorysetup-profiler-editor-allocator-block-size=1048576"
    "memorysetup-temp-allocator-size-main=16777216"
    "memorysetup-job-temp-allocator-block-size=2097152"
    "memorysetup-job-temp-allocator-block-size-background=1048576"
    "memorysetup-job-temp-allocator-reduction-small-platforms=262144"
    "memorysetup-temp-allocator-size-background-worker=32768"
    "memorysetup-temp-allocator-size-job-worker=262144"
    "memorysetup-temp-allocator-size-preload-manager=33554432"
    "memorysetup-temp-allocator-size-nav-mesh-worker=65536"
    "memorysetup-temp-allocator-size-audio-worker=65536"
    "memorysetup-temp-allocator-size-cloud-worker=32768"
    "memorysetup-temp-allocator-size-gi-baking-worker=262144"
    "memorysetup-temp-allocator-size-gfx=262144"
Refreshing native plugins compatible for Editor in 102.60 ms, found 2 plugins.
Preloading 0 native plugins for Editor in 0.00 ms.
Initialize engine version: 2021.3.8f1 (b30333d56e81)
[Subsystems] Discovering subsystems at path /Applications/Unity/Hub/Editor/2021.3.8f1/Unity.app/Contents/Resources/UnitySubsystems
[Subsystems] Discovering subsystems at path /Users/jeonseonghyeon/Documents/GitHub/Korean War Military Map/Assets
GfxDevice: creating device client; threaded=0; jobified=0
 preferred device: Apple M1 (high power)
Metal devices available: 1
0: Apple M1 (high power)
Using device Apple M1 (high power)
Initializing Metal device caps: Apple M1
Initialize mono
Mono path[0] = '/Applications/Unity/Hub/Editor/2021.3.8f1/Unity.app/Contents/Managed'
Mono path[1] = '/Applications/Unity/Hub/Editor/2021.3.8f1/Unity.app/Contents/MonoBleedingEdge/lib/mono/unityjit-macos'
Mono config path = '/Applications/Unity/Hub/Editor/2021.3.8f1/Unity.app/Contents/MonoBleedingEdge/etc'
Using monoOptions --debugger-agent=transport=dt_socket,embedding=1,server=y,suspend=n,address=127.0.0.1:56961
Begin MonoManager ReloadAssembly
Registering precompiled unity dll's ...
Register platform support module: /Applications/Unity/Hub/Editor/2021.3.8f1/PlaybackEngines/WebGLSupport/UnityEditor.WebGL.Extensions.dll
Register platform support module: /Applications/Unity/Hub/Editor/2021.3.8f1/Unity.app/Contents/PlaybackEngines/MacStandaloneSupport/UnityEditor.OSXStandalone.Extensions.dll
Register platform support module: /Applications/Unity/Hub/Editor/2021.3.8f1/PlaybackEngines/AndroidPlayer/UnityEditor.Android.Extensions.dll
Register platform support module: /Applications/Unity/Hub/Editor/2021.3.8f1/PlaybackEngines/iOSSupport/UnityEditor.iOS.Extensions.dll
Registered in 0.000921 seconds.
[usbmuxd] Start listen thread
[usbmuxd] Listen thread started
[usbmuxd] Send listen message
Native extension for iOS target not found
Native extension for Android target not found
Native extension for OSXStandalone target not found
Native extension for WebGL target not found
Refreshing native plugins compatible for Editor in 105.02 ms, found 2 plugins.
Preloading 0 native plugins for Editor in 0.00 ms.
Mono: successfully reloaded assembly
- Completed reload, in  1.546 seconds
Domain Reload Profiling:
	ReloadAssembly (1548ms)
		BeginReloadAssembly (123ms)
			ExecutionOrderSort (0ms)
			DisableScriptedObjects (0ms)
			BackupInstance (0ms)
			ReleaseScriptingObjects (0ms)
			CreateAndSetChildDomain (3ms)
		EndReloadAssembly (1195ms)
			LoadAssemblies (120ms)
			RebuildTransferFunctionScriptingTraits (0ms)
			SetupTypeCache (145ms)
			ReleaseScriptCaches (0ms)
			RebuildScriptCaches (36ms)
			SetupLoadedEditorAssemblies (867ms)
				LogAssemblyErrors (0ms)
				InitializePlatformSupportModulesInManaged (222ms)
				SetLoadedEditorAssemblies (1ms)
				RefreshPlugins (105ms)
				BeforeProcessingInitializeOnLoad (3ms)
				ProcessInitializeOnLoadAttributes (333ms)
				ProcessInitializeOnLoadMethodAttributes (202ms)
				AfterProcessingInitializeOnLoad (0ms)
				EditorAssembliesLoaded (0ms)
			ExecutionOrderSort2 (0ms)
			AwakeInstancesAfterBackupRestoration (0ms)
Platform modules already initialized, skipping
Registering precompiled user dll's ...
Registered in 0.003009 seconds.
Begin MonoManager ReloadAssembly
Symbol file LoadedFromMemory doesn't match image /Users/jeonseonghyeon/Documents/GitHub/Korean War Military Map/Library/PackageCache/com.unity.visualscripting@1.7.8/Editor/VisualScripting.Core/Dependencies/YamlDotNet/Unity.VisualScripting.YamlDotNet.dll
Symbol file LoadedFromMemory doesn't match image /Users/jeonseonghyeon/Documents/GitHub/Korean War Military Map/Library/PackageCache/com.unity.visualscripting@1.7.8/Editor/VisualScripting.Core/Dependencies/DotNetZip/Unity.VisualScripting.IonicZip.dll
Native extension for iOS target not found
Native extension for Android target not found
Native extension for OSXStandalone target not found
Native extension for WebGL target not found
Refreshing native plugins compatible for Editor in 0.46 ms, found 2 plugins.
Preloading 0 native plugins for Editor in 0.00 ms.
Mono: successfully reloaded assembly
- Completed reload, in  2.537 seconds
Domain Reload Profiling:
	ReloadAssembly (2540ms)
		BeginReloadAssembly (357ms)
			ExecutionOrderSort (0ms)
			DisableScriptedObjects (39ms)
			BackupInstance (0ms)
			ReleaseScriptingObjects (0ms)
			CreateAndSetChildDomain (146ms)
		EndReloadAssembly (1947ms)
			LoadAssemblies (133ms)
			RebuildTransferFunctionScriptingTraits (0ms)
			SetupTypeCache (351ms)
			ReleaseScriptCaches (3ms)
			RebuildScriptCaches (60ms)
			SetupLoadedEditorAssemblies (1232ms)
				LogAssemblyErrors (0ms)
				InitializePlatformSupportModulesInManaged (89ms)
				SetLoadedEditorAssemblies (1ms)
				RefreshPlugins (0ms)
				BeforeProcessingInitializeOnLoad (145ms)
				ProcessInitializeOnLoadAttributes (886ms)
				ProcessInitializeOnLoadMethodAttributes (110ms)
				AfterProcessingInitializeOnLoad (1ms)
				EditorAssembliesLoaded (0ms)
			ExecutionOrderSort2 (0ms)
			AwakeInstancesAfterBackupRestoration (10ms)
Platform modules already initialized, skipping
========================================================================
Worker process is ready to serve import requests
Launching external process: /Applications/Unity/Hub/Editor/2021.3.8f1/Unity.app/Contents/Tools/UnityShaderCompiler
Launched and connected shader compiler UnityShaderCompiler after 0.07 seconds
Refreshing native plugins compatible for Editor in 0.52 ms, found 2 plugins.
Preloading 0 native plugins for Editor in 0.00 ms.
Unloading 3397 Unused Serialized files (Serialized files now loaded: 0)
Unloading 27 unused Assets / (94.6 KB). Loaded Objects now: 3882.
Memory consumption went from 261.4 MB to 261.3 MB.
Total: 2.975708 ms (FindLiveObjects: 0.221458 ms CreateObjectMapping: 0.085125 ms MarkObjects: 2.521958 ms  DeleteObjects: 0.146167 ms)

AssetImportParameters requested are different than current active one (requested -> active):
  custom:video-decoder-ogg-theora: a1e56fd34408186e4bbccfd4996cb3dc -> 
  custom:container-muxer-webm: aa71ff27fc2769a1b78a27578f13a17b -> 
  custom:container-demuxer-webm: 4f35f7cbe854078d1ac9338744f61a02 -> 
  custom:video-encoder-webm-vp8: eb34c28f22e8b96e1ab97ce403110664 -> 
  custom:framework-osx-AVFoundation: e770b220cccbd017edd2c1fefb359320 -> 
  custom:audio-encoder-webm-vorbis: bf7c407c2cedff20999df2af8eb42d56 -> 
  custom:container-demuxer-ogg: 62fdf1f143b41e24485cea50d1cbac27 -> 
  custom:video-decoder-webm-vp8: 9c59270c3fd7afecdb556c50c9e8de78 -> 
  custom:audio-decoder-ogg-vorbis: bf7c407c2cedff20999df2af8eb42d56 -> 
========================================================================
Received Prepare
Registering precompiled user dll's ...
Registered in 0.001744 seconds.
Begin MonoManager ReloadAssembly
Symbol file LoadedFromMemory doesn't match image /Users/jeonseonghyeon/Documents/GitHub/Korean War Military Map/Library/PackageCache/com.unity.visualscripting@1.7.8/Editor/VisualScripting.Core/Dependencies/YamlDotNet/Unity.VisualScripting.YamlDotNet.dll
Symbol file LoadedFromMemory doesn't match image /Users/jeonseonghyeon/Documents/GitHub/Korean War Military Map/Library/PackageCache/com.unity.visualscripting@1.7.8/Editor/VisualScripting.Core/Dependencies/DotNetZip/Unity.VisualScripting.IonicZip.dll
Native extension for iOS target not found
Native extension for Android target not found
Native extension for OSXStandalone target not found
Native extension for WebGL target not found
Refreshing native plugins compatible for Editor in 0.46 ms, found 2 plugins.
Preloading 0 native plugins for Editor in 0.00 ms.
Mono: successfully reloaded assembly
- Completed reload, in  2.396 seconds
Domain Reload Profiling:
	ReloadAssembly (2397ms)
		BeginReloadAssembly (278ms)
			ExecutionOrderSort (0ms)
			DisableScriptedObjects (48ms)
			BackupInstance (0ms)
			ReleaseScriptingObjects (0ms)
			CreateAndSetChildDomain (66ms)
		EndReloadAssembly (1871ms)
			LoadAssemblies (115ms)
			RebuildTransferFunctionScriptingTraits (0ms)
			SetupTypeCache (362ms)
			ReleaseScriptCaches (1ms)
			RebuildScriptCaches (52ms)
			SetupLoadedEditorAssemblies (1145ms)
				LogAssemblyErrors (0ms)
				InitializePlatformSupportModulesInManaged (91ms)
				SetLoadedEditorAssemblies (2ms)
				RefreshPlugins (0ms)
				BeforeProcessingInitializeOnLoad (110ms)
				ProcessInitializeOnLoadAttributes (830ms)
				ProcessInitializeOnLoadMethodAttributes (111ms)
				AfterProcessingInitializeOnLoad (1ms)
				EditorAssembliesLoaded (0ms)
			ExecutionOrderSort2 (0ms)
			AwakeInstancesAfterBackupRestoration (11ms)
Platform modules already initialized, skipping
Refreshing native plugins compatible for Editor in 1.06 ms, found 2 plugins.
Preloading 0 native plugins for Editor in 0.00 ms.
Unloading 3379 Unused Serialized files (Serialized files now loaded: 0)
Unloading 20 unused Assets / (71.5 KB). Loaded Objects now: 3885.
Memory consumption went from 259.9 MB to 259.8 MB.
Total: 2.512167 ms (FindLiveObjects: 0.176917 ms CreateObjectMapping: 0.075250 ms MarkObjects: 2.161208 ms  DeleteObjects: 0.097916 ms)

AssetImportParameters requested are different than current active one (requested -> active):
  custom:video-decoder-ogg-theora: a1e56fd34408186e4bbccfd4996cb3dc -> 
  custom:container-muxer-webm: aa71ff27fc2769a1b78a27578f13a17b -> 
  custom:container-demuxer-webm: 4f35f7cbe854078d1ac9338744f61a02 -> 
  custom:video-encoder-webm-vp8: eb34c28f22e8b96e1ab97ce403110664 -> 
  custom:framework-osx-AVFoundation: e770b220cccbd017edd2c1fefb359320 -> 
  custom:audio-encoder-webm-vorbis: bf7c407c2cedff20999df2af8eb42d56 -> 
  custom:container-demuxer-ogg: 62fdf1f143b41e24485cea50d1cbac27 -> 
  custom:video-decoder-webm-vp8: 9c59270c3fd7afecdb556c50c9e8de78 -> 
  custom:audio-decoder-ogg-vorbis: bf7c407c2cedff20999df2af8eb42d56 -> 
========================================================================
Received Import Request.
  Time since last request: 25830.268437 seconds.
  path: Assets/Scenes/ScaleScene.unity
  artifactKey: Guid(9fc0d4010bbf28b4594072e72b8655ab) Importer(815301076,1909f56bfc062723c751e8b465ee728b)
Start importing Assets/Scenes/ScaleScene.unity using Guid(9fc0d4010bbf28b4594072e72b8655ab) Importer(815301076,1909f56bfc062723c751e8b465ee728b)  -> (artifact id: '9350f726b080da7f428cc4246fca343a') in 0.010339 seconds 
========================================================================
Received Import Request.
  Time since last request: 317.479056 seconds.
  path: Assets/Scenes/MapScene.unity
  artifactKey: Guid(85ec1840672d648aa9ed2c6ebb5528bb) Importer(815301076,1909f56bfc062723c751e8b465ee728b)
Start importing Assets/Scenes/MapScene.unity using Guid(85ec1840672d648aa9ed2c6ebb5528bb) Importer(815301076,1909f56bfc062723c751e8b465ee728b)  -> (artifact id: '995de3a8f475ebc60e8950b83649713d') in 0.000867 seconds 
========================================================================
Received Import Request.
  Time since last request: 55.212370 seconds.
  path: Assets/Prefabs/title.prefab
  artifactKey: Guid(85742525f45eb4779bf5b8ff9eeb99ca) Importer(815301076,1909f56bfc062723c751e8b465ee728b)
Start importing Assets/Prefabs/title.prefab using Guid(85742525f45eb4779bf5b8ff9eeb99ca) Importer(815301076,1909f56bfc062723c751e8b465ee728b)  -> (artifact id: '76d63bc9636387b7a7cc94cebaf35231') in 0.614267 seconds 
========================================================================
Received Import Request.
  Time since last request: 3.154200 seconds.
  path: Assets/Prefabs/title.prefab
  artifactKey: Guid(85742525f45eb4779bf5b8ff9eeb99ca) Importer(815301076,1909f56bfc062723c751e8b465ee728b)
Start importing Assets/Prefabs/title.prefab using Guid(85742525f45eb4779bf5b8ff9eeb99ca) Importer(815301076,1909f56bfc062723c751e8b465ee728b)  -> (artifact id: 'e86cb8e748f03b6f3643315256bf7a61') in 0.029958 seconds 
========================================================================
Received Import Request.
  Time since last request: 5.848450 seconds.
  path: Assets/Prefabs/title.prefab
  artifactKey: Guid(85742525f45eb4779bf5b8ff9eeb99ca) Importer(815301076,1909f56bfc062723c751e8b465ee728b)
Start importing Assets/Prefabs/title.prefab using Guid(85742525f45eb4779bf5b8ff9eeb99ca) Importer(815301076,1909f56bfc062723c751e8b465ee728b)  -> (artifact id: 'b8356858cc99f65a7a651da1edb97447') in 0.024355 seconds 
========================================================================
Received Import Request.
  Time since last request: 3.247574 seconds.
  path: Assets/Prefabs/title.prefab
  artifactKey: Guid(85742525f45eb4779bf5b8ff9eeb99ca) Importer(815301076,1909f56bfc062723c751e8b465ee728b)
Start importing Assets/Prefabs/title.prefab using Guid(85742525f45eb4779bf5b8ff9eeb99ca) Importer(815301076,1909f56bfc062723c751e8b465ee728b)  -> (artifact id: '90488b83d49029008a47bc159e8fb849') in 0.024161 seconds 
========================================================================
Received Import Request.
  Time since last request: 5.666761 seconds.
  path: Assets/Prefabs/title.prefab
  artifactKey: Guid(85742525f45eb4779bf5b8ff9eeb99ca) Importer(815301076,1909f56bfc062723c751e8b465ee728b)
Start importing Assets/Prefabs/title.prefab using Guid(85742525f45eb4779bf5b8ff9eeb99ca) Importer(815301076,1909f56bfc062723c751e8b465ee728b)  -> (artifact id: '8aaf809d77631751957866fcf285de78') in 0.023969 seconds 
========================================================================
Received Import Request.
  Time since last request: 2.803850 seconds.
  path: Assets/Prefabs/title.prefab
  artifactKey: Guid(85742525f45eb4779bf5b8ff9eeb99ca) Importer(815301076,1909f56bfc062723c751e8b465ee728b)
Start importing Assets/Prefabs/title.prefab using Guid(85742525f45eb4779bf5b8ff9eeb99ca) Importer(815301076,1909f56bfc062723c751e8b465ee728b)  -> (artifact id: 'f63288cbf7c66c698e046efa1b68af24') in 0.025637 seconds 
========================================================================
Received Import Request.
  Time since last request: 3.363297 seconds.
  path: Assets/Prefabs/title.prefab
  artifactKey: Guid(85742525f45eb4779bf5b8ff9eeb99ca) Importer(815301076,1909f56bfc062723c751e8b465ee728b)
Start importing Assets/Prefabs/title.prefab using Guid(85742525f45eb4779bf5b8ff9eeb99ca) Importer(815301076,1909f56bfc062723c751e8b465ee728b)  -> (artifact id: 'ba648479cc5e5fcbf3bc1aeed8c5e31e') in 0.024167 seconds 
========================================================================
Received Import Request.
  Time since last request: 1.381167 seconds.
  path: Assets/Prefabs/title.prefab
  artifactKey: Guid(85742525f45eb4779bf5b8ff9eeb99ca) Importer(815301076,1909f56bfc062723c751e8b465ee728b)
Start importing Assets/Prefabs/title.prefab using Guid(85742525f45eb4779bf5b8ff9eeb99ca) Importer(815301076,1909f56bfc062723c751e8b465ee728b)  -> (artifact id: 'b2b4f63c67ad2366acff2bdddc82ca4a') in 0.024148 seconds 
========================================================================
Received Import Request.
  Time since last request: 11.559333 seconds.
  path: Assets/Prefabs/title.prefab
  artifactKey: Guid(85742525f45eb4779bf5b8ff9eeb99ca) Importer(815301076,1909f56bfc062723c751e8b465ee728b)
Start importing Assets/Prefabs/title.prefab using Guid(85742525f45eb4779bf5b8ff9eeb99ca) Importer(815301076,1909f56bfc062723c751e8b465ee728b)  -> (artifact id: '7f65641ad4824e6bf825e230b22f4885') in 0.024097 seconds 
========================================================================
Received Import Request.
  Time since last request: 4.979279 seconds.
  path: Assets/Prefabs/title.prefab
  artifactKey: Guid(85742525f45eb4779bf5b8ff9eeb99ca) Importer(815301076,1909f56bfc062723c751e8b465ee728b)
Start importing Assets/Prefabs/title.prefab using Guid(85742525f45eb4779bf5b8ff9eeb99ca) Importer(815301076,1909f56bfc062723c751e8b465ee728b)  -> (artifact id: 'a0bf1c75bd15b6b79f0c41ad5ea68fff') in 0.024185 seconds 
========================================================================
Received Import Request.
  Time since last request: 46.879737 seconds.
  path: Assets/Prefabs/title.prefab
  artifactKey: Guid(85742525f45eb4779bf5b8ff9eeb99ca) Importer(815301076,1909f56bfc062723c751e8b465ee728b)
Start importing Assets/Prefabs/title.prefab using Guid(85742525f45eb4779bf5b8ff9eeb99ca) Importer(815301076,1909f56bfc062723c751e8b465ee728b)  -> (artifact id: '3a3ddecd94b9287f9b63d94a73ffb70e') in 0.023790 seconds 
